<?xml version="1.0" encoding="UTF-8"?>
<!-- Generated by org.testng.reporters.JUnitReportReporter -->
<testsuite hostname="DESKTOP-3MJ1S42" failures="0" tests="1" name="test.LginTest" time="6.436" errors="0" timestamp="2025-05-09T23:55:31 BRT" skipped="0">
  <testcase classname="test.LginTest" name="testValidLogin" time="6.436"/>
</testsuite> <!-- test.LginTest -->
